<?xml version="1.0" encoding="UTF-8"?>
<!-- Generated by org.testng.reporters.JUnitReportReporter -->
<testsuite hostname="DESKTOP-3LPEESD" failures="0" tests="4" name="com.actitime.testscript.CustomerModule" time="3.633" errors="1" timestamp="2023-01-21T20:13:48 IST" skipped="3">
  <testcase classname="com.actitime.testscript.CustomerModule" name="openBrowser" time="3.633">
    <error message="session not created: This version of Microsoft Edge WebDriver only supports Microsoft Edge version 107
Current browser version is 109.0.1518.61 with binary path C:\Program Files (x86)\Microsoft\Edge\Application\msedge.exe
Build info: version: &#039;3.141.59&#039;, revision: &#039;e82be7d358&#039;, time: &#039;2018-11-14T08:25:53&#039;
System info: host: &#039;DESKTOP-3LPEESD&#039;, ip: &#039;192.168.47.1&#039;, os.name: &#039;Windows 10&#039;, os.arch: &#039;amd64&#039;, os.version: &#039;10.0&#039;, java.version: &#039;18.0.1.1&#039;
Driver info: driver.version: EdgeDriver
remote stacktrace: Backtrace:
	Microsoft::Applications::Events::EventProperties::SetProperty [0x00007FF692EA8592+9986]
	Microsoft::Applications::Events::EventProperty::EventProperty [0x00007FF692E45DC2+1445298]
	Ordinal0 [0x00007FF692A2FC8C+654476]
	Ordinal0 [0x00007FF692A61811+858129]
	Ordinal0 [0x00007FF692A5C50E+836878]
	Ordinal0 [0x00007FF692A57992+817554]
	Ordinal0 [0x00007FF692A9B7C0+1095616]
	Ordinal0 [0x00007FF692A9AB48+1092424]
	Ordinal0 [0x00007FF692A939B3+1063347]
	Ordinal0 [0x00007FF692A6506A+872554]
	Ordinal0 [0x00007FF692A6402E+868398]
	Ordinal0 [0x00007FF692A6570F+874255]
	Microsoft::Applications::Events::EventProperty::EventProperty [0x00007FF692D06108+135416]
	Microsoft::Applications::Events::EventProperty::EventProperty [0x00007FF692CF02CF+45759]
	Microsoft::Applications::Events::EventProperty::EventProperty [0x00007FF692CF374C+59196]
	Ordinal0 [0x00007FF692B3B1F4+1749492]
	Microsoft::Applications::Events::EventProperty::EventProperty [0x00007FF692E4B6BA+1468074]
	Microsoft::Applications::Events::EventProperty::EventProperty [0x00007FF692E4FF54+1486660]
	Microsoft::Applications::Events::EventProperty::EventProperty [0x00007FF692E500AD+1487005]
	Microsoft::Applications::Events::EventProperty::EventProperty [0x00007FF692E57E6B+1519195]
	BaseThreadInitThunk [0x00007FFC13827614+20]
	RtlUserThreadStart [0x00007FFC14C226A1+33]
" type="org.openqa.selenium.SessionNotCreatedException">
      <![CDATA[org.openqa.selenium.SessionNotCreatedException: session not created: This version of Microsoft Edge WebDriver only supports Microsoft Edge version 107
Current browser version is 109.0.1518.61 with binary path C:\Program Files (x86)\Microsoft\Edge\Application\msedge.exe
Build info: version: '3.141.59', revision: 'e82be7d358', time: '2018-11-14T08:25:53'
System info: host: 'DESKTOP-3LPEESD', ip: '192.168.47.1', os.name: 'Windows 10', os.arch: 'amd64', os.version: '10.0', java.version: '18.0.1.1'
Driver info: driver.version: EdgeDriver
remote stacktrace: Backtrace:
Microsoft::Applications::Events::EventProperties::SetProperty [0x00007FF692EA8592+9986]
Microsoft::Applications::Events::EventProperty::EventProperty [0x00007FF692E45DC2+1445298]
Ordinal0 [0x00007FF692A2FC8C+654476]
Ordinal0 [0x00007FF692A61811+858129]
Ordinal0 [0x00007FF692A5C50E+836878]
Ordinal0 [0x00007FF692A57992+817554]
Ordinal0 [0x00007FF692A9B7C0+1095616]
Ordinal0 [0x00007FF692A9AB48+1092424]
Ordinal0 [0x00007FF692A939B3+1063347]
Ordinal0 [0x00007FF692A6506A+872554]
Ordinal0 [0x00007FF692A6402E+868398]
Ordinal0 [0x00007FF692A6570F+874255]
Microsoft::Applications::Events::EventProperty::EventProperty [0x00007FF692D06108+135416]
Microsoft::Applications::Events::EventProperty::EventProperty [0x00007FF692CF02CF+45759]
Microsoft::Applications::Events::EventProperty::EventProperty [0x00007FF692CF374C+59196]
Ordinal0 [0x00007FF692B3B1F4+1749492]
Microsoft::Applications::Events::EventProperty::EventProperty [0x00007FF692E4B6BA+1468074]
Microsoft::Applications::Events::EventProperty::EventProperty [0x00007FF692E4FF54+1486660]
Microsoft::Applications::Events::EventProperty::EventProperty [0x00007FF692E500AD+1487005]
Microsoft::Applications::Events::EventProperty::EventProperty [0x00007FF692E57E6B+1519195]
BaseThreadInitThunk [0x00007FFC13827614+20]
RtlUserThreadStart [0x00007FFC14C226A1+33]

at java.base/jdk.internal.reflect.DirectConstructorHandleAccessor.newInstance(DirectConstructorHandleAccessor.java:67)
at java.base/java.lang.reflect.Constructor.newInstanceWithCaller(Constructor.java:499)
at java.base/java.lang.reflect.Constructor.newInstance(Constructor.java:483)
at org.openqa.selenium.remote.W3CHandshakeResponse.lambda$errorHandler$0(W3CHandshakeResponse.java:62)
at org.openqa.selenium.remote.HandshakeResponse.lambda$getResponseFunction$0(HandshakeResponse.java:30)
at org.openqa.selenium.remote.ProtocolHandshake.lambda$createSession$0(ProtocolHandshake.java:126)
at java.base/java.util.stream.ReferencePipeline$3$1.accept(ReferencePipeline.java:197)
at java.base/java.util.Spliterators$ArraySpliterator.tryAdvance(Spliterators.java:1002)
at java.base/java.util.stream.ReferencePipeline.forEachWithCancel(ReferencePipeline.java:129)
at java.base/java.util.stream.AbstractPipeline.copyIntoWithCancel(AbstractPipeline.java:527)
at java.base/java.util.stream.AbstractPipeline.copyInto(AbstractPipeline.java:513)
at java.base/java.util.stream.AbstractPipeline.wrapAndCopyInto(AbstractPipeline.java:499)
at java.base/java.util.stream.FindOps$FindOp.evaluateSequential(FindOps.java:150)
at java.base/java.util.stream.AbstractPipeline.evaluate(AbstractPipeline.java:234)
at java.base/java.util.stream.ReferencePipeline.findFirst(ReferencePipeline.java:647)
at org.openqa.selenium.remote.ProtocolHandshake.createSession(ProtocolHandshake.java:128)
at org.openqa.selenium.remote.ProtocolHandshake.createSession(ProtocolHandshake.java:74)
at org.openqa.selenium.remote.HttpCommandExecutor.execute(HttpCommandExecutor.java:136)
at org.openqa.selenium.remote.service.DriverCommandExecutor.execute(DriverCommandExecutor.java:83)
at org.openqa.selenium.remote.RemoteWebDriver.execute(RemoteWebDriver.java:552)
at org.openqa.selenium.remote.RemoteWebDriver.startSession(RemoteWebDriver.java:213)
at org.openqa.selenium.remote.RemoteWebDriver.<init>(RemoteWebDriver.java:131)
at org.openqa.selenium.edge.EdgeDriver.<init>(EdgeDriver.java:141)
at org.openqa.selenium.edge.EdgeDriver.<init>(EdgeDriver.java:96)
at com.actitime.generic.BaseClass.openBrowser(BaseClass.java:29)
at java.base/jdk.internal.reflect.DirectMethodHandleAccessor.invoke(DirectMethodHandleAccessor.java:104)
at java.base/java.lang.reflect.Method.invoke(Method.java:577)
at org.testng.internal.MethodInvocationHelper.invokeMethod(MethodInvocationHelper.java:133)
at org.testng.internal.MethodInvocationHelper.invokeMethodConsideringTimeout(MethodInvocationHelper.java:62)
at org.testng.internal.ConfigInvoker.invokeConfigurationMethod(ConfigInvoker.java:385)
at org.testng.internal.ConfigInvoker.invokeConfigurations(ConfigInvoker.java:321)
at org.testng.TestRunner.invokeTestConfigurations(TestRunner.java:637)
at org.testng.TestRunner.beforeRun(TestRunner.java:627)
at org.testng.TestRunner.run(TestRunner.java:589)
at org.testng.SuiteRunner.runTest(SuiteRunner.java:377)
at org.testng.SuiteRunner.access$000(SuiteRunner.java:28)
at org.testng.SuiteRunner$SuiteWorker.run(SuiteRunner.java:418)
at org.testng.internal.thread.ThreadUtil.lambda$execute$0(ThreadUtil.java:64)
at java.base/java.util.concurrent.FutureTask.run(FutureTask.java:264)
at java.base/java.util.concurrent.ThreadPoolExecutor.runWorker(ThreadPoolExecutor.java:1136)
at java.base/java.util.concurrent.ThreadPoolExecutor$Worker.run(ThreadPoolExecutor.java:635)
at java.base/java.lang.Thread.run(Thread.java:833)
]]>
    </error>
  </testcase> <!-- openBrowser -->
  <system-out>
    <![CDATA[Open Browser]]>
  </system-out>
  <testcase classname="com.actitime.testscript.CustomerModule" name="createCustomer" time="0.000">
    <skipped/>
  </testcase> <!-- createCustomer -->
  <system-out/>
  <testcase classname="com.actitime.testscript.CustomerModule" name="modifyCustomer" time="0.000">
    <skipped/>
  </testcase> <!-- modifyCustomer -->
  <system-out/>
  <testcase classname="com.actitime.testscript.CustomerModule" name="deleteCustomer" time="0.000">
    <skipped/>
  </testcase> <!-- deleteCustomer -->
  <system-out/>
</testsuite> <!-- com.actitime.testscript.CustomerModule -->
